Using pre-set license
Built from '2020.3/staging' branch; Version is '2020.3.26f1 (7298b473bc1a) revision 7510196'; Using compiler version '192528614'; Build Type 'Release'
OS: 'Windows 10  (10.0.19043) 64bit Core' Language: 'en' Physical Memory: 16335 MB
BatchMode: 1, IsHumanControllingUs: 0, StartBugReporterOnCrash: 0, Is64bit: 1, IsPro: 0

COMMAND LINE ARGUMENTS:
C:\Users\doanc\OneDrive\Desktop\Unity Versions\2020.3.26f1\Editor\Unity.exe
-adb2
-batchMode
-noUpm
-name
AssetImportWorker0
-projectPath
C:/Users/doanc/OneDrive/Documents/GitHub/cannonball_game_ics161/cannonball game
-logFile
Logs/AssetImportWorker0.log
-srvPort
65334
Successfully changed project path to: C:/Users/doanc/OneDrive/Documents/GitHub/cannonball_game_ics161/cannonball game
C:/Users/doanc/OneDrive/Documents/GitHub/cannonball_game_ics161/cannonball game
Using Asset Import Pipeline V2.
Refreshing native plugins compatible for Editor in 38.56 ms, found 2 plugins.
Preloading 0 native plugins for Editor in 0.00 ms.
Initialize engine version: 2020.3.26f1 (7298b473bc1a)
[Subsystems] Discovering subsystems at path C:/Users/doanc/OneDrive/Desktop/Unity Versions/2020.3.26f1/Editor/Data/Resources/UnitySubsystems
[Subsystems] Discovering subsystems at path C:/Users/doanc/OneDrive/Documents/GitHub/cannonball_game_ics161/cannonball game/Assets
GfxDevice: creating device client; threaded=0
Direct3D:
    Version:  Direct3D 11.0 [level 11.1]
    Renderer: NVIDIA GeForce GTX 1050 Ti (ID=0x1c82)
    Vendor:   
    VRAM:     4018 MB
    Driver:   30.0.15.1215
Initialize mono
Mono path[0] = 'C:/Users/doanc/OneDrive/Desktop/Unity Versions/2020.3.26f1/Editor/Data/Managed'
Mono path[1] = 'C:/Users/doanc/OneDrive/Desktop/Unity Versions/2020.3.26f1/Editor/Data/MonoBleedingEdge/lib/mono/unityjit'
Mono config path = 'C:/Users/doanc/OneDrive/Desktop/Unity Versions/2020.3.26f1/Editor/Data/MonoBleedingEdge/etc'
Using monoOptions --debugger-agent=transport=dt_socket,embedding=1,server=y,suspend=n,address=127.0.0.1:56868
Begin MonoManager ReloadAssembly
Registering precompiled unity dll's ...
Register platform support module: C:/Users/doanc/OneDrive/Desktop/Unity Versions/2020.3.26f1/Editor/Data/PlaybackEngines/WindowsStandaloneSupport/UnityEditor.WindowsStandalone.Extensions.dll
Registered in 0.003547 seconds.
Native extension for WindowsStandalone target not found
Refreshing native plugins compatible for Editor in 37.14 ms, found 2 plugins.
Preloading 0 native plugins for Editor in 0.00 ms.
Mono: successfully reloaded assembly
- Completed reload, in  0.694 seconds
Domain Reload Profiling:
	ReloadAssembly (694ms)
		BeginReloadAssembly (74ms)
			ExecutionOrderSort (0ms)
			DisableScriptedObjects (0ms)
			BackupInstance (0ms)
			ReleaseScriptingObjects (0ms)
			CreateAndSetChildDomain (1ms)
		EndReloadAssembly (526ms)
			LoadAssemblies (70ms)
			RebuildTransferFunctionScriptingTraits (0ms)
			SetupTypeCache (179ms)
			ReleaseScriptCaches (0ms)
			RebuildScriptCaches (35ms)
			SetupLoadedEditorAssemblies (189ms)
				LogAssemblyErrors (0ms)
				InitializePlatformSupportModulesInManaged (5ms)
				SetLoadedEditorAssemblies (0ms)
				RefreshPlugins (37ms)
				BeforeProcessingInitializeOnLoad (11ms)
				ProcessInitializeOnLoadAttributes (100ms)
				ProcessInitializeOnLoadMethodAttributes (35ms)
				AfterProcessingInitializeOnLoad (0ms)
				EditorAssembliesLoaded (0ms)
			ExecutionOrderSort2 (0ms)
			AwakeInstancesAfterBackupRestoration (0ms)
Platform modules already initialized, skipping
Registering precompiled user dll's ...
Registered in 0.006873 seconds.
Begin MonoManager ReloadAssembly
Symbol file data-0000028E07999820 doesn't match image C:\Users\doanc\OneDrive\Documents\GitHub\cannonball_game_ics161\cannonball game\Library\ScriptAssemblies\Unity.Services.Core.Editor.dll
Symbol file LoadedFromMemory is not a mono symbol file
Symbol file data-0000028E075B0E70 doesn't match image C:\Users\doanc\OneDrive\Documents\GitHub\cannonball_game_ics161\cannonball game\Library\ScriptAssemblies\Unity.VSCode.Editor.dll
Symbol file LoadedFromMemory is not a mono symbol file
Symbol file data-0000028E07EE73C0 doesn't match image C:\Users\doanc\OneDrive\Documents\GitHub\cannonball_game_ics161\cannonball game\Library\ScriptAssemblies\Unity.TextMeshPro.Editor.dll
Symbol file LoadedFromMemory is not a mono symbol file
Symbol file data-0000028E078A7170 doesn't match image C:\Users\doanc\OneDrive\Documents\GitHub\cannonball_game_ics161\cannonball game\Library\ScriptAssemblies\Unity.VisualStudio.Editor.dll
Symbol file LoadedFromMemory is not a mono symbol file
Symbol file data-0000028E0D3AFC20 doesn't match image C:\Users\doanc\OneDrive\Documents\GitHub\cannonball_game_ics161\cannonball game\Library\ScriptAssemblies\UnityEngine.TestRunner.dll
Symbol file LoadedFromMemory is not a mono symbol file
Symbol file data-0000028E077C9050 doesn't match image C:\Users\doanc\OneDrive\Documents\GitHub\cannonball_game_ics161\cannonball game\Library\ScriptAssemblies\Unity.Timeline.Editor.dll
Symbol file LoadedFromMemory is not a mono symbol file
Symbol file data-0000028E0D3AFC20 doesn't match image C:\Users\doanc\OneDrive\Documents\GitHub\cannonball_game_ics161\cannonball game\Library\ScriptAssemblies\Unity.Timeline.dll
Symbol file LoadedFromMemory is not a mono symbol file
Symbol file data-0000028E077C9050 doesn't match image C:\Users\doanc\OneDrive\Documents\GitHub\cannonball_game_ics161\cannonball game\Library\ScriptAssemblies\Unity.TextMeshPro.dll
Symbol file LoadedFromMemory is not a mono symbol file
Symbol file data-0000028E0D3AFC20 doesn't match image C:\Users\doanc\OneDrive\Documents\GitHub\cannonball_game_ics161\cannonball game\Library\ScriptAssemblies\Unity.CollabProxy.Editor.dll
Symbol file LoadedFromMemory is not a mono symbol file
Symbol file data-0000028E0CB48E20 doesn't match image C:\Users\doanc\OneDrive\Documents\GitHub\cannonball_game_ics161\cannonball game\Library\ScriptAssemblies\UnityEditor.TestRunner.dll
Symbol file LoadedFromMemory is not a mono symbol file
Symbol file data-0000028E07ED7040 doesn't match image C:\Users\doanc\OneDrive\Documents\GitHub\cannonball_game_ics161\cannonball game\Library\ScriptAssemblies\UnityEditor.UI.dll
Symbol file LoadedFromMemory is not a mono symbol file
Symbol file data-0000028E0C90B020 doesn't match image C:\Users\doanc\OneDrive\Documents\GitHub\cannonball_game_ics161\cannonball game\Library\ScriptAssemblies\Unity.PlasticSCM.Editor.dll
Symbol file LoadedFromMemory is not a mono symbol file
Symbol file data-0000028E0C9BDC30 doesn't match image C:\Users\doanc\OneDrive\Documents\GitHub\cannonball_game_ics161\cannonball game\Library\ScriptAssemblies\Unity.Rider.Editor.dll
Symbol file LoadedFromMemory is not a mono symbol file
Symbol file data-0000028E07C0D5D0 doesn't match image C:\Users\doanc\OneDrive\Documents\GitHub\cannonball_game_ics161\cannonball game\Library\ScriptAssemblies\UnityEngine.UI.dll
Symbol file LoadedFromMemory is not a mono symbol file
Native extension for WindowsStandalone target not found
Refreshing native plugins compatible for Editor in 0.48 ms, found 2 plugins.
Preloading 0 native plugins for Editor in 0.00 ms.
Mono: successfully reloaded assembly
- Completed reload, in  1.179 seconds
Domain Reload Profiling:
	ReloadAssembly (1180ms)
		BeginReloadAssembly (177ms)
			ExecutionOrderSort (0ms)
			DisableScriptedObjects (6ms)
			BackupInstance (0ms)
			ReleaseScriptingObjects (0ms)
			CreateAndSetChildDomain (21ms)
		EndReloadAssembly (923ms)
			LoadAssemblies (109ms)
			RebuildTransferFunctionScriptingTraits (0ms)
			SetupTypeCache (322ms)
			ReleaseScriptCaches (1ms)
			RebuildScriptCaches (45ms)
			SetupLoadedEditorAssemblies (347ms)
				LogAssemblyErrors (0ms)
				InitializePlatformSupportModulesInManaged (5ms)
				SetLoadedEditorAssemblies (1ms)
				RefreshPlugins (1ms)
				BeforeProcessingInitializeOnLoad (71ms)
				ProcessInitializeOnLoadAttributes (247ms)
				ProcessInitializeOnLoadMethodAttributes (11ms)
				AfterProcessingInitializeOnLoad (12ms)
				EditorAssembliesLoaded (0ms)
			ExecutionOrderSort2 (0ms)
			AwakeInstancesAfterBackupRestoration (9ms)
Platform modules already initialized, skipping
========================================================================
Worker process is ready to serve import requests
Launched and connected shader compiler UnityShaderCompiler.exe after 0.06 seconds
Refreshing native plugins compatible for Editor in 0.35 ms, found 2 plugins.
Preloading 0 native plugins for Editor in 0.00 ms.
Unloading 1512 Unused Serialized files (Serialized files now loaded: 0)
System memory in use before: 68.2 MB.
System memory in use after: 68.3 MB.

Unloading 19 unused Assets to reduce memory usage. Loaded Objects now: 1944.
Total: 3.568200 ms (FindLiveObjects: 0.363000 ms CreateObjectMapping: 0.076200 ms MarkObjects: 3.045600 ms  DeleteObjects: 0.081900 ms)

AssetImportParameters requested are different than current active one (requested -> active):
  custom:framework-win-MediaFoundation: 216162199b28c13a410421893ffa2e32 -> 
  custom:video-decoder-ogg-theora: a1e56fd34408186e4bbccfd4996cb3dc -> 
  custom:container-muxer-webm: aa71ff27fc2769a1b78a27578f13a17b -> 
  custom:container-demuxer-webm: 4f35f7cbe854078d1ac9338744f61a02 -> 
  custom:container-demuxer-ogg: 62fdf1f143b41e24485cea50d1cbac27 -> 
  custom:video-encoder-webm-vp8: eb34c28f22e8b96e1ab97ce403110664 -> 
  custom:video-decoder-webm-vp8: 9c59270c3fd7afecdb556c50c9e8de78 -> 
  custom:audio-decoder-ogg-vorbis: bf7c407c2cedff20999df2af8eb42d56 -> 
  custom:audio-encoder-webm-vorbis: bf7c407c2cedff20999df2af8eb42d56 -> 
========================================================================
Received Import Request.
  path: Assets/Cannonball Assets/Prefabs/Particle System.prefab
  artifactKey: Guid(66db08082b06e574d938f43e08944caa) Importer(815301076,1909f56bfc062723c751e8b465ee728b)
Start importing Assets/Cannonball Assets/Prefabs/Particle System.prefab using Guid(66db08082b06e574d938f43e08944caa) Importer(815301076,1909f56bfc062723c751e8b465ee728b)  -> (artifact id: '4e8267f7adb6d68488b7845a68a45ec8') in 0.125493 seconds 
  Import took 0.128728 seconds .

========================================================================
Received Import Request.
  Time since last request: 0.000352 seconds.
  path: Assets/Cannon Materials/Prefabs/Prefabs/Small_Cannon.prefab
  artifactKey: Guid(68a39471bcf807f45aace3b120f318f0) Importer(815301076,1909f56bfc062723c751e8b465ee728b)
Start importing Assets/Cannon Materials/Prefabs/Prefabs/Small_Cannon.prefab using Guid(68a39471bcf807f45aace3b120f318f0) Importer(815301076,1909f56bfc062723c751e8b465ee728b)  -> (artifact id: '9a043a3068f02280985d9da10e6abc73') in 0.065690 seconds 
  Import took 0.069189 seconds .

========================================================================
Received Import Request.
  Time since last request: 0.000299 seconds.
  path: Assets/Cannonball Assets/Prefabs/Cannonball.prefab
  artifactKey: Guid(019fb43d6a0d6fd46864e8a64eae2bbe) Importer(815301076,1909f56bfc062723c751e8b465ee728b)
Start importing Assets/Cannonball Assets/Prefabs/Cannonball.prefab using Guid(019fb43d6a0d6fd46864e8a64eae2bbe) Importer(815301076,1909f56bfc062723c751e8b465ee728b)  -> (artifact id: 'f298db03ed6705ded69ce512311ac037') in 0.012365 seconds 
  Import took 0.015365 seconds .

========================================================================
Received Import Request.
  Time since last request: 7.930014 seconds.
  path: Assets/test.unity
  artifactKey: Guid(d8a1d569c97c26540a10e97db49426f5) Importer(815301076,1909f56bfc062723c751e8b465ee728b)
Start importing Assets/test.unity using Guid(d8a1d569c97c26540a10e97db49426f5) Importer(815301076,1909f56bfc062723c751e8b465ee728b)  -> (artifact id: 'f45706f4c7e628e4f977b0de082abf44') in 0.003502 seconds 
  Import took 0.006195 seconds .

========================================================================
Received Import Request.
  Time since last request: 1.733632 seconds.
  path: Assets/Scenes/SampleScene.unity
  artifactKey: Guid(9fc0d4010bbf28b4594072e72b8655ab) Importer(815301076,1909f56bfc062723c751e8b465ee728b)
Start importing Assets/Scenes/SampleScene.unity using Guid(9fc0d4010bbf28b4594072e72b8655ab) Importer(815301076,1909f56bfc062723c751e8b465ee728b)  -> (artifact id: '85059f4f9e1a832ed95adaa0d25c5c4c') in 0.003491 seconds 
  Import took 0.006536 seconds .

========================================================================
Received Import Request.
  Time since last request: 0.787044 seconds.
  path: Assets/Scenes/Cannonball Scene.unity
  artifactKey: Guid(1ef2d2cdf862e36428d913b4fa156aee) Importer(815301076,1909f56bfc062723c751e8b465ee728b)
Start importing Assets/Scenes/Cannonball Scene.unity using Guid(1ef2d2cdf862e36428d913b4fa156aee) Importer(815301076,1909f56bfc062723c751e8b465ee728b)  -> (artifact id: '8a7fd5725d253cbe2e8b53e833647ebb') in 0.003633 seconds 
  Import took 0.006504 seconds .

========================================================================
Received Prepare
Registering precompiled user dll's ...
Registered in 0.006355 seconds.
Begin MonoManager ReloadAssembly
Symbol file data-0000028E0FED4E70 doesn't match image C:\Users\doanc\OneDrive\Documents\GitHub\cannonball_game_ics161\cannonball game\Library\ScriptAssemblies\Unity.Services.Core.Editor.dll
Symbol file LoadedFromMemory is not a mono symbol file
Symbol file data-0000028E075AE010 doesn't match image C:\Users\doanc\OneDrive\Documents\GitHub\cannonball_game_ics161\cannonball game\Library\ScriptAssemblies\Unity.VSCode.Editor.dll
Symbol file LoadedFromMemory is not a mono symbol file
Symbol file data-0000028E0CDAB050 doesn't match image C:\Users\doanc\OneDrive\Documents\GitHub\cannonball_game_ics161\cannonball game\Library\ScriptAssemblies\Unity.TextMeshPro.Editor.dll
Symbol file LoadedFromMemory is not a mono symbol file
Symbol file data-0000028E078A7170 doesn't match image C:\Users\doanc\OneDrive\Documents\GitHub\cannonball_game_ics161\cannonball game\Library\ScriptAssemblies\Unity.VisualStudio.Editor.dll
Symbol file LoadedFromMemory is not a mono symbol file
Symbol file data-0000028E07BEE020 doesn't match image C:\Users\doanc\OneDrive\Documents\GitHub\cannonball_game_ics161\cannonball game\Library\ScriptAssemblies\UnityEngine.TestRunner.dll
Symbol file LoadedFromMemory is not a mono symbol file
Symbol file data-0000028E077C9050 doesn't match image C:\Users\doanc\OneDrive\Documents\GitHub\cannonball_game_ics161\cannonball game\Library\ScriptAssemblies\Unity.Timeline.Editor.dll
Symbol file LoadedFromMemory is not a mono symbol file
Symbol file data-0000028E0CDAB050 doesn't match image C:\Users\doanc\OneDrive\Documents\GitHub\cannonball_game_ics161\cannonball game\Library\ScriptAssemblies\Unity.Timeline.dll
Symbol file LoadedFromMemory is not a mono symbol file
Symbol file data-0000028E0C698030 doesn't match image C:\Users\doanc\OneDrive\Documents\GitHub\cannonball_game_ics161\cannonball game\Library\ScriptAssemblies\Unity.TextMeshPro.dll
Symbol file LoadedFromMemory is not a mono symbol file
Symbol file data-0000028E0CDAB050 doesn't match image C:\Users\doanc\OneDrive\Documents\GitHub\cannonball_game_ics161\cannonball game\Library\ScriptAssemblies\Unity.CollabProxy.Editor.dll
Symbol file LoadedFromMemory is not a mono symbol file
Symbol file data-0000028E0784E410 doesn't match image C:\Users\doanc\OneDrive\Documents\GitHub\cannonball_game_ics161\cannonball game\Library\ScriptAssemblies\UnityEditor.TestRunner.dll
Symbol file LoadedFromMemory is not a mono symbol file
Symbol file data-0000028E078A7170 doesn't match image C:\Users\doanc\OneDrive\Documents\GitHub\cannonball_game_ics161\cannonball game\Library\ScriptAssemblies\UnityEditor.UI.dll
Symbol file LoadedFromMemory is not a mono symbol file
Symbol file data-0000028E0C634020 doesn't match image C:\Users\doanc\OneDrive\Documents\GitHub\cannonball_game_ics161\cannonball game\Library\ScriptAssemblies\Unity.PlasticSCM.Editor.dll
Symbol file LoadedFromMemory is not a mono symbol file
Symbol file data-0000028E0FED4E70 doesn't match image C:\Users\doanc\OneDrive\Documents\GitHub\cannonball_game_ics161\cannonball game\Library\ScriptAssemblies\Unity.Rider.Editor.dll
Symbol file LoadedFromMemory is not a mono symbol file
Symbol file data-0000028E076A3010 doesn't match image C:\Users\doanc\OneDrive\Documents\GitHub\cannonball_game_ics161\cannonball game\Library\ScriptAssemblies\UnityEngine.UI.dll
Symbol file LoadedFromMemory is not a mono symbol file
Native extension for WindowsStandalone target not found
Refreshing native plugins compatible for Editor in 0.39 ms, found 2 plugins.
Preloading 0 native plugins for Editor in 0.00 ms.
Mono: successfully reloaded assembly
- Completed reload, in  1.112 seconds
Domain Reload Profiling:
	ReloadAssembly (1113ms)
		BeginReloadAssembly (142ms)
			ExecutionOrderSort (0ms)
			DisableScriptedObjects (5ms)
			BackupInstance (0ms)
			ReleaseScriptingObjects (0ms)
			CreateAndSetChildDomain (35ms)
		EndReloadAssembly (891ms)
			LoadAssemblies (107ms)
			RebuildTransferFunctionScriptingTraits (0ms)
			SetupTypeCache (305ms)
			ReleaseScriptCaches (1ms)
			RebuildScriptCaches (40ms)
			SetupLoadedEditorAssemblies (337ms)
				LogAssemblyErrors (0ms)
				InitializePlatformSupportModulesInManaged (5ms)
				SetLoadedEditorAssemblies (1ms)
				RefreshPlugins (0ms)
				BeforeProcessingInitializeOnLoad (70ms)
				ProcessInitializeOnLoadAttributes (237ms)
				ProcessInitializeOnLoadMethodAttributes (11ms)
				AfterProcessingInitializeOnLoad (12ms)
				EditorAssembliesLoaded (1ms)
			ExecutionOrderSort2 (0ms)
			AwakeInstancesAfterBackupRestoration (8ms)
Platform modules already initialized, skipping
Refreshing native plugins compatible for Editor in 0.48 ms, found 2 plugins.
Preloading 0 native plugins for Editor in 0.00 ms.
Unloading 1506 Unused Serialized files (Serialized files now loaded: 0)
System memory in use before: 71.3 MB.
System memory in use after: 71.4 MB.

Unloading 14 unused Assets to reduce memory usage. Loaded Objects now: 1955.
Total: 3.085600 ms (FindLiveObjects: 0.203900 ms CreateObjectMapping: 0.039600 ms MarkObjects: 2.822200 ms  DeleteObjects: 0.018200 ms)

AssetImportParameters requested are different than current active one (requested -> active):
  custom:framework-win-MediaFoundation: 216162199b28c13a410421893ffa2e32 -> 
  custom:video-decoder-ogg-theora: a1e56fd34408186e4bbccfd4996cb3dc -> 
  custom:container-muxer-webm: aa71ff27fc2769a1b78a27578f13a17b -> 
  custom:container-demuxer-webm: 4f35f7cbe854078d1ac9338744f61a02 -> 
  custom:container-demuxer-ogg: 62fdf1f143b41e24485cea50d1cbac27 -> 
  custom:video-encoder-webm-vp8: eb34c28f22e8b96e1ab97ce403110664 -> 
  custom:video-decoder-webm-vp8: 9c59270c3fd7afecdb556c50c9e8de78 -> 
  custom:audio-decoder-ogg-vorbis: bf7c407c2cedff20999df2af8eb42d56 -> 
  custom:audio-encoder-webm-vorbis: bf7c407c2cedff20999df2af8eb42d56 -> 
========================================================================
Received Import Request.
  Time since last request: 38.602020 seconds.
  path: Assets/Scripts/CannonballSpawner.cs
  artifactKey: Guid(6beb719486ca7c94a94a66ca30fe3539) Importer(815301076,1909f56bfc062723c751e8b465ee728b)
Start importing Assets/Scripts/CannonballSpawner.cs using Guid(6beb719486ca7c94a94a66ca30fe3539) Importer(815301076,1909f56bfc062723c751e8b465ee728b)  -> (artifact id: '2376f5005998a581af7f8235c4fbf737') in 0.014479 seconds 
  Import took 0.017583 seconds .

========================================================================
Received Import Request.
  Time since last request: 27.945876 seconds.
  path: Assets/Scripts/Explosion.cs
  artifactKey: Guid(00671ed4e1d59b34d8e98f12db4aa9a2) Importer(815301076,1909f56bfc062723c751e8b465ee728b)
Start importing Assets/Scripts/Explosion.cs using Guid(00671ed4e1d59b34d8e98f12db4aa9a2) Importer(815301076,1909f56bfc062723c751e8b465ee728b)  -> (artifact id: 'bfb734ea0049468fdcb531337f2973e6') in 0.003240 seconds 
  Import took 0.005954 seconds .

========================================================================
Received Import Request.
  Time since last request: 270.369851 seconds.
  path: Assets/Scripts/CannonballWind.cs
  artifactKey: Guid(7915e1ccce0e43b47b41921254db1cee) Importer(815301076,1909f56bfc062723c751e8b465ee728b)
Start importing Assets/Scripts/CannonballWind.cs using Guid(7915e1ccce0e43b47b41921254db1cee) Importer(815301076,1909f56bfc062723c751e8b465ee728b)  -> (artifact id: '295c47f7ea594a60bcd6c0d04787ede4') in 0.003039 seconds 
  Import took 0.005787 seconds .

========================================================================
Received Import Request.
  Time since last request: 13.674654 seconds.
  path: Assets/Scenes/Cannon.unity
  artifactKey: Guid(2c1a8af488d758540bcc8900d8a1ac22) Importer(815301076,1909f56bfc062723c751e8b465ee728b)
Start importing Assets/Scenes/Cannon.unity using Guid(2c1a8af488d758540bcc8900d8a1ac22) Importer(815301076,1909f56bfc062723c751e8b465ee728b)  -> (artifact id: '4900ece3d3159511b80af858a4c49ec0') in 0.011286 seconds 
  Import took 0.014737 seconds .

========================================================================
Received Import Request.
  Time since last request: 2.224736 seconds.
  path: Assets/Cannonball Assets/Materials
  artifactKey: Guid(a7f7d5be93f468c4c8bd8f70ffe90b96) Importer(815301076,1909f56bfc062723c751e8b465ee728b)
Start importing Assets/Cannonball Assets/Materials using Guid(a7f7d5be93f468c4c8bd8f70ffe90b96) Importer(815301076,1909f56bfc062723c751e8b465ee728b)  -> (artifact id: '86ec7c8908e3518c6b805010aba3194b') in 0.002911 seconds 
  Import took 0.005854 seconds .

========================================================================
Received Import Request.
  Time since last request: 28.785054 seconds.
  path: Assets/Cannonball Assets/Prefabs
  artifactKey: Guid(e70be41654e940145aa9ee2c7364b350) Importer(815301076,1909f56bfc062723c751e8b465ee728b)
Start importing Assets/Cannonball Assets/Prefabs using Guid(e70be41654e940145aa9ee2c7364b350) Importer(815301076,1909f56bfc062723c751e8b465ee728b)  -> (artifact id: 'dfbb26d3185a7d8e28cb76f7b76ba86f') in 0.003213 seconds 
  Import took 0.006313 seconds .

========================================================================
Received Prepare
Registering precompiled user dll's ...
Registered in 0.006300 seconds.
Begin MonoManager ReloadAssembly
Symbol file data-0000028C3FFE56B0 doesn't match image C:\Users\doanc\OneDrive\Documents\GitHub\cannonball_game_ics161\cannonball game\Library\ScriptAssemblies\Unity.Services.Core.Editor.dll
Symbol file LoadedFromMemory is not a mono symbol file
Symbol file data-0000028E0CE2D020 doesn't match image C:\Users\doanc\OneDrive\Documents\GitHub\cannonball_game_ics161\cannonball game\Library\ScriptAssemblies\Unity.VSCode.Editor.dll
Symbol file LoadedFromMemory is not a mono symbol file
Symbol file data-0000028E07872020 doesn't match image C:\Users\doanc\OneDrive\Documents\GitHub\cannonball_game_ics161\cannonball game\Library\ScriptAssemblies\Unity.TextMeshPro.Editor.dll
Symbol file LoadedFromMemory is not a mono symbol file
Symbol file data-0000028C3FFF14E0 doesn't match image C:\Users\doanc\OneDrive\Documents\GitHub\cannonball_game_ics161\cannonball game\Library\ScriptAssemblies\Unity.VisualStudio.Editor.dll
Symbol file LoadedFromMemory is not a mono symbol file
Symbol file data-0000028E105BFA50 doesn't match image C:\Users\doanc\OneDrive\Documents\GitHub\cannonball_game_ics161\cannonball game\Library\ScriptAssemblies\UnityEngine.TestRunner.dll
Symbol file LoadedFromMemory is not a mono symbol file
Symbol file data-0000028E07D00B60 doesn't match image C:\Users\doanc\OneDrive\Documents\GitHub\cannonball_game_ics161\cannonball game\Library\ScriptAssemblies\Unity.Timeline.Editor.dll
Symbol file LoadedFromMemory is not a mono symbol file
Symbol file data-0000028E07872020 doesn't match image C:\Users\doanc\OneDrive\Documents\GitHub\cannonball_game_ics161\cannonball game\Library\ScriptAssemblies\Unity.Timeline.dll
Symbol file LoadedFromMemory is not a mono symbol file
Symbol file data-0000028E10577DB0 doesn't match image C:\Users\doanc\OneDrive\Documents\GitHub\cannonball_game_ics161\cannonball game\Library\ScriptAssemblies\Unity.TextMeshPro.dll
Symbol file LoadedFromMemory is not a mono symbol file
Symbol file data-0000028E07872020 doesn't match image C:\Users\doanc\OneDrive\Documents\GitHub\cannonball_game_ics161\cannonball game\Library\ScriptAssemblies\Unity.CollabProxy.Editor.dll
Symbol file LoadedFromMemory is not a mono symbol file
Symbol file data-0000028E0F40D030 doesn't match image C:\Users\doanc\OneDrive\Documents\GitHub\cannonball_game_ics161\cannonball game\Library\ScriptAssemblies\UnityEditor.TestRunner.dll
Symbol file LoadedFromMemory is not a mono symbol file
Symbol file data-0000028C3FFF14E0 doesn't match image C:\Users\doanc\OneDrive\Documents\GitHub\cannonball_game_ics161\cannonball game\Library\ScriptAssemblies\UnityEditor.UI.dll
Symbol file LoadedFromMemory is not a mono symbol file
Symbol file data-0000028E0F28D020 doesn't match image C:\Users\doanc\OneDrive\Documents\GitHub\cannonball_game_ics161\cannonball game\Library\ScriptAssemblies\Unity.PlasticSCM.Editor.dll
Symbol file LoadedFromMemory is not a mono symbol file
Symbol file data-0000028C3FFE56B0 doesn't match image C:\Users\doanc\OneDrive\Documents\GitHub\cannonball_game_ics161\cannonball game\Library\ScriptAssemblies\Unity.Rider.Editor.dll
Symbol file LoadedFromMemory is not a mono symbol file
Symbol file data-0000028E076A3010 doesn't match image C:\Users\doanc\OneDrive\Documents\GitHub\cannonball_game_ics161\cannonball game\Library\ScriptAssemblies\UnityEngine.UI.dll
Symbol file LoadedFromMemory is not a mono symbol file
Native extension for WindowsStandalone target not found
Refreshing native plugins compatible for Editor in 0.38 ms, found 2 plugins.
Preloading 0 native plugins for Editor in 0.00 ms.
Mono: successfully reloaded assembly
- Completed reload, in  1.091 seconds
Domain Reload Profiling:
	ReloadAssembly (1092ms)
		BeginReloadAssembly (132ms)
			ExecutionOrderSort (0ms)
			DisableScriptedObjects (5ms)
			BackupInstance (0ms)
			ReleaseScriptingObjects (0ms)
			CreateAndSetChildDomain (33ms)
		EndReloadAssembly (878ms)
			LoadAssemblies (110ms)
			RebuildTransferFunctionScriptingTraits (0ms)
			SetupTypeCache (307ms)
			ReleaseScriptCaches (1ms)
			RebuildScriptCaches (41ms)
			SetupLoadedEditorAssemblies (322ms)
				LogAssemblyErrors (0ms)
				InitializePlatformSupportModulesInManaged (5ms)
				SetLoadedEditorAssemblies (1ms)
				RefreshPlugins (0ms)
				BeforeProcessingInitializeOnLoad (67ms)
				ProcessInitializeOnLoadAttributes (227ms)
				ProcessInitializeOnLoadMethodAttributes (11ms)
				AfterProcessingInitializeOnLoad (12ms)
				EditorAssembliesLoaded (0ms)
			ExecutionOrderSort2 (0ms)
			AwakeInstancesAfterBackupRestoration (8ms)
Platform modules already initialized, skipping
Refreshing native plugins compatible for Editor in 0.38 ms, found 2 plugins.
Preloading 0 native plugins for Editor in 0.00 ms.
Unloading 1506 Unused Serialized files (Serialized files now loaded: 0)
System memory in use before: 71.3 MB.
System memory in use after: 71.4 MB.

Unloading 14 unused Assets to reduce memory usage. Loaded Objects now: 1957.
Total: 3.078100 ms (FindLiveObjects: 0.169400 ms CreateObjectMapping: 0.036800 ms MarkObjects: 2.844200 ms  DeleteObjects: 0.026000 ms)

AssetImportParameters requested are different than current active one (requested -> active):
  custom:framework-win-MediaFoundation: 216162199b28c13a410421893ffa2e32 -> 
  custom:video-decoder-ogg-theora: a1e56fd34408186e4bbccfd4996cb3dc -> 
  custom:container-muxer-webm: aa71ff27fc2769a1b78a27578f13a17b -> 
  custom:container-demuxer-webm: 4f35f7cbe854078d1ac9338744f61a02 -> 
  custom:container-demuxer-ogg: 62fdf1f143b41e24485cea50d1cbac27 -> 
  custom:video-encoder-webm-vp8: eb34c28f22e8b96e1ab97ce403110664 -> 
  custom:video-decoder-webm-vp8: 9c59270c3fd7afecdb556c50c9e8de78 -> 
  custom:audio-decoder-ogg-vorbis: bf7c407c2cedff20999df2af8eb42d56 -> 
  custom:audio-encoder-webm-vorbis: bf7c407c2cedff20999df2af8eb42d56 -> 
========================================================================
Received Import Request.
  Time since last request: 359.613630 seconds.
  path: Assets/Cannonball Assets/Prefabs/Particle System.prefab
  artifactKey: Guid(7e84f15e12009bf42bed4c56516a8a09) Importer(815301076,1909f56bfc062723c751e8b465ee728b)
Start importing Assets/Cannonball Assets/Prefabs/Particle System.prefab using Guid(7e84f15e12009bf42bed4c56516a8a09) Importer(815301076,1909f56bfc062723c751e8b465ee728b)  -> (artifact id: '3c3292dd1beb769d68b6c29c770535e2') in 0.062764 seconds 
  Import took 0.065800 seconds .

========================================================================
Received Import Request.
  Time since last request: 0.583116 seconds.
  path: Assets/Cannonball Assets/Prefabs/Cannonball.prefab
  artifactKey: Guid(5929fbbd44f8ef44aba539a119f67184) Importer(815301076,1909f56bfc062723c751e8b465ee728b)
Start importing Assets/Cannonball Assets/Prefabs/Cannonball.prefab using Guid(5929fbbd44f8ef44aba539a119f67184) Importer(815301076,1909f56bfc062723c751e8b465ee728b)  -> (artifact id: '97ab2026b9ab2a25496b13519fc84098') in 0.013021 seconds 
  Import took 0.015752 seconds .

========================================================================
Received Import Request.
  Time since last request: 21.570144 seconds.
  path: Assets/Cannonball Assets/Prefabs
  artifactKey: Guid(451627ed3a859da42b0af4359e9fc9a3) Importer(815301076,1909f56bfc062723c751e8b465ee728b)
Start importing Assets/Cannonball Assets/Prefabs using Guid(451627ed3a859da42b0af4359e9fc9a3) Importer(815301076,1909f56bfc062723c751e8b465ee728b)  -> (artifact id: '7ef836e984b382d533d378acce244033') in 0.002784 seconds 
  Import took 0.005612 seconds .

========================================================================
Received Prepare
Registering precompiled user dll's ...
Registered in 0.006267 seconds.
Begin MonoManager ReloadAssembly
Symbol file data-0000028E0FBA6020 doesn't match image C:\Users\doanc\OneDrive\Documents\GitHub\cannonball_game_ics161\cannonball game\Library\ScriptAssemblies\Unity.Services.Core.Editor.dll
Symbol file LoadedFromMemory is not a mono symbol file
Symbol file data-0000028E0771A010 doesn't match image C:\Users\doanc\OneDrive\Documents\GitHub\cannonball_game_ics161\cannonball game\Library\ScriptAssemblies\Unity.VSCode.Editor.dll
Symbol file LoadedFromMemory is not a mono symbol file
Symbol file data-0000028E10C4C030 doesn't match image C:\Users\doanc\OneDrive\Documents\GitHub\cannonball_game_ics161\cannonball game\Library\ScriptAssemblies\Unity.TextMeshPro.Editor.dll
Symbol file LoadedFromMemory is not a mono symbol file
Symbol file data-0000028E078A7170 doesn't match image C:\Users\doanc\OneDrive\Documents\GitHub\cannonball_game_ics161\cannonball game\Library\ScriptAssemblies\Unity.VisualStudio.Editor.dll
Symbol file LoadedFromMemory is not a mono symbol file
Symbol file data-0000028E0F2C2020 doesn't match image C:\Users\doanc\OneDrive\Documents\GitHub\cannonball_game_ics161\cannonball game\Library\ScriptAssemblies\UnityEngine.TestRunner.dll
Symbol file LoadedFromMemory is not a mono symbol file
Symbol file data-0000028E0F725010 doesn't match image C:\Users\doanc\OneDrive\Documents\GitHub\cannonball_game_ics161\cannonball game\Library\ScriptAssemblies\Unity.Timeline.Editor.dll
Symbol file LoadedFromMemory is not a mono symbol file
Symbol file data-0000028E10C4C030 doesn't match image C:\Users\doanc\OneDrive\Documents\GitHub\cannonball_game_ics161\cannonball game\Library\ScriptAssemblies\Unity.Timeline.dll
Symbol file LoadedFromMemory is not a mono symbol file
Symbol file data-0000028E10577DB0 doesn't match image C:\Users\doanc\OneDrive\Documents\GitHub\cannonball_game_ics161\cannonball game\Library\ScriptAssemblies\Unity.TextMeshPro.dll
Symbol file LoadedFromMemory is not a mono symbol file
Symbol file data-0000028E0F2C2020 doesn't match image C:\Users\doanc\OneDrive\Documents\GitHub\cannonball_game_ics161\cannonball game\Library\ScriptAssemblies\Unity.CollabProxy.Editor.dll
Symbol file LoadedFromMemory is not a mono symbol file
Symbol file data-0000028E10509D00 doesn't match image C:\Users\doanc\OneDrive\Documents\GitHub\cannonball_game_ics161\cannonball game\Library\ScriptAssemblies\UnityEditor.TestRunner.dll
Symbol file LoadedFromMemory is not a mono symbol file
Symbol file data-0000028E078A7170 doesn't match image C:\Users\doanc\OneDrive\Documents\GitHub\cannonball_game_ics161\cannonball game\Library\ScriptAssemblies\UnityEditor.UI.dll
Symbol file LoadedFromMemory is not a mono symbol file
Symbol file data-0000028E07D00B60 doesn't match image C:\Users\doanc\OneDrive\Documents\GitHub\cannonball_game_ics161\cannonball game\Library\ScriptAssemblies\Unity.PlasticSCM.Editor.dll
Symbol file LoadedFromMemory is not a mono symbol file
Symbol file data-0000028E0FBA6020 doesn't match image C:\Users\doanc\OneDrive\Documents\GitHub\cannonball_game_ics161\cannonball game\Library\ScriptAssemblies\Unity.Rider.Editor.dll
Symbol file LoadedFromMemory is not a mono symbol file
Symbol file data-0000028E0C55F010 doesn't match image C:\Users\doanc\OneDrive\Documents\GitHub\cannonball_game_ics161\cannonball game\Library\ScriptAssemblies\UnityEngine.UI.dll
Symbol file LoadedFromMemory is not a mono symbol file
Native extension for WindowsStandalone target not found
Refreshing native plugins compatible for Editor in 0.37 ms, found 2 plugins.
Preloading 0 native plugins for Editor in 0.00 ms.
Mono: successfully reloaded assembly
- Completed reload, in  1.049 seconds
Domain Reload Profiling:
	ReloadAssembly (1050ms)
		BeginReloadAssembly (127ms)
			ExecutionOrderSort (0ms)
			DisableScriptedObjects (5ms)
			BackupInstance (0ms)
			ReleaseScriptingObjects (0ms)
			CreateAndSetChildDomain (32ms)
		EndReloadAssembly (846ms)
			LoadAssemblies (103ms)
			RebuildTransferFunctionScriptingTraits (0ms)
			SetupTypeCache (298ms)
			ReleaseScriptCaches (1ms)
			RebuildScriptCaches (39ms)
			SetupLoadedEditorAssemblies (306ms)
				LogAssemblyErrors (0ms)
				InitializePlatformSupportModulesInManaged (5ms)
				SetLoadedEditorAssemblies (1ms)
				RefreshPlugins (0ms)
				BeforeProcessingInitializeOnLoad (62ms)
				ProcessInitializeOnLoadAttributes (217ms)
				ProcessInitializeOnLoadMethodAttributes (10ms)
				AfterProcessingInitializeOnLoad (11ms)
				EditorAssembliesLoaded (0ms)
			ExecutionOrderSort2 (0ms)
			AwakeInstancesAfterBackupRestoration (7ms)
Platform modules already initialized, skipping
Refreshing native plugins compatible for Editor in 0.54 ms, found 2 plugins.
Preloading 0 native plugins for Editor in 0.00 ms.
Unloading 1506 Unused Serialized files (Serialized files now loaded: 0)
System memory in use before: 71.3 MB.
System memory in use after: 71.5 MB.

Unloading 14 unused Assets to reduce memory usage. Loaded Objects now: 1960.
Total: 2.823600 ms (FindLiveObjects: 0.149900 ms CreateObjectMapping: 0.037700 ms MarkObjects: 2.620100 ms  DeleteObjects: 0.015100 ms)

AssetImportParameters requested are different than current active one (requested -> active):
  custom:framework-win-MediaFoundation: 216162199b28c13a410421893ffa2e32 -> 
  custom:video-decoder-ogg-theora: a1e56fd34408186e4bbccfd4996cb3dc -> 
  custom:container-muxer-webm: aa71ff27fc2769a1b78a27578f13a17b -> 
  custom:container-demuxer-webm: 4f35f7cbe854078d1ac9338744f61a02 -> 
  custom:container-demuxer-ogg: 62fdf1f143b41e24485cea50d1cbac27 -> 
  custom:video-encoder-webm-vp8: eb34c28f22e8b96e1ab97ce403110664 -> 
  custom:video-decoder-webm-vp8: 9c59270c3fd7afecdb556c50c9e8de78 -> 
  custom:audio-decoder-ogg-vorbis: bf7c407c2cedff20999df2af8eb42d56 -> 
  custom:audio-encoder-webm-vorbis: bf7c407c2cedff20999df2af8eb42d56 -> 
========================================================================
Received Import Request.
  Time since last request: 64.502386 seconds.
  path: Assets/Scenes/Cannonball Scene.unity
  artifactKey: Guid(1ef2d2cdf862e36428d913b4fa156aee) Importer(815301076,1909f56bfc062723c751e8b465ee728b)
Start importing Assets/Scenes/Cannonball Scene.unity using Guid(1ef2d2cdf862e36428d913b4fa156aee) Importer(815301076,1909f56bfc062723c751e8b465ee728b)  -> (artifact id: '313bcd059f322c9fb9a62caad255703d') in 0.015694 seconds 
  Import took 0.018748 seconds .

========================================================================
Received Import Request.
  Time since last request: 54.565887 seconds.
  path: Assets/Scenes/Cannonball Scene.unity
  artifactKey: Guid(1ef2d2cdf862e36428d913b4fa156aee) Importer(815301076,1909f56bfc062723c751e8b465ee728b)
Start importing Assets/Scenes/Cannonball Scene.unity using Guid(1ef2d2cdf862e36428d913b4fa156aee) Importer(815301076,1909f56bfc062723c751e8b465ee728b)  -> (artifact id: '1d95b365f81ceac9cf67cc6c87c3391e') in 0.003365 seconds 
  Import took 0.006272 seconds .

========================================================================
Received Import Request.
  Time since last request: 15.439869 seconds.
  path: Assets/Cannonball Assets/Materials
  artifactKey: Guid(c0a460bea17dbfe4885c6254f36ef16f) Importer(815301076,1909f56bfc062723c751e8b465ee728b)
Start importing Assets/Cannonball Assets/Materials using Guid(c0a460bea17dbfe4885c6254f36ef16f) Importer(815301076,1909f56bfc062723c751e8b465ee728b)  -> (artifact id: 'd04f693277ed070935e6e2a1809e44cd') in 0.003027 seconds 
  Import took 0.006003 seconds .

========================================================================
Received Prepare
Registering precompiled user dll's ...
Registered in 0.007414 seconds.
Begin MonoManager ReloadAssembly
Symbol file data-0000028E07FF9020 doesn't match image C:\Users\doanc\OneDrive\Documents\GitHub\cannonball_game_ics161\cannonball game\Library\ScriptAssemblies\Unity.Services.Core.Editor.dll
Symbol file LoadedFromMemory is not a mono symbol file
Symbol file data-0000028E1072BD30 doesn't match image C:\Users\doanc\OneDrive\Documents\GitHub\cannonball_game_ics161\cannonball game\Library\ScriptAssemblies\Unity.VSCode.Editor.dll
Symbol file LoadedFromMemory is not a mono symbol file
Symbol file data-0000028E0F58D020 doesn't match image C:\Users\doanc\OneDrive\Documents\GitHub\cannonball_game_ics161\cannonball game\Library\ScriptAssemblies\Unity.TextMeshPro.Editor.dll
Symbol file LoadedFromMemory is not a mono symbol file
Symbol file data-0000028E078A7170 doesn't match image C:\Users\doanc\OneDrive\Documents\GitHub\cannonball_game_ics161\cannonball game\Library\ScriptAssemblies\Unity.VisualStudio.Editor.dll
Symbol file LoadedFromMemory is not a mono symbol file
Symbol file data-0000028E0F2C2020 doesn't match image C:\Users\doanc\OneDrive\Documents\GitHub\cannonball_game_ics161\cannonball game\Library\ScriptAssemblies\UnityEngine.TestRunner.dll
Symbol file LoadedFromMemory is not a mono symbol file
Symbol file data-0000028E0FA64010 doesn't match image C:\Users\doanc\OneDrive\Documents\GitHub\cannonball_game_ics161\cannonball game\Library\ScriptAssemblies\Unity.Timeline.Editor.dll
Symbol file LoadedFromMemory is not a mono symbol file
Symbol file data-0000028E0F2C2020 doesn't match image C:\Users\doanc\OneDrive\Documents\GitHub\cannonball_game_ics161\cannonball game\Library\ScriptAssemblies\Unity.Timeline.dll
Symbol file LoadedFromMemory is not a mono symbol file
Symbol file data-0000028E10577DB0 doesn't match image C:\Users\doanc\OneDrive\Documents\GitHub\cannonball_game_ics161\cannonball game\Library\ScriptAssemblies\Unity.TextMeshPro.dll
Symbol file LoadedFromMemory is not a mono symbol file
Symbol file data-0000028E0F2C2020 doesn't match image C:\Users\doanc\OneDrive\Documents\GitHub\cannonball_game_ics161\cannonball game\Library\ScriptAssemblies\Unity.CollabProxy.Editor.dll
Symbol file LoadedFromMemory is not a mono symbol file
Symbol file data-0000028E07550CB0 doesn't match image C:\Users\doanc\OneDrive\Documents\GitHub\cannonball_game_ics161\cannonball game\Library\ScriptAssemblies\UnityEditor.TestRunner.dll
Symbol file LoadedFromMemory is not a mono symbol file
Symbol file data-0000028E078A7170 doesn't match image C:\Users\doanc\OneDrive\Documents\GitHub\cannonball_game_ics161\cannonball game\Library\ScriptAssemblies\UnityEditor.UI.dll
Symbol file LoadedFromMemory is not a mono symbol file
Symbol file data-0000028E0FEA4E50 doesn't match image C:\Users\doanc\OneDrive\Documents\GitHub\cannonball_game_ics161\cannonball game\Library\ScriptAssemblies\Unity.PlasticSCM.Editor.dll
Symbol file LoadedFromMemory is not a mono symbol file
Symbol file data-0000028E0C7E2040 doesn't match image C:\Users\doanc\OneDrive\Documents\GitHub\cannonball_game_ics161\cannonball game\Library\ScriptAssemblies\Unity.Rider.Editor.dll
Symbol file LoadedFromMemory is not a mono symbol file
Symbol file data-0000028E0C55F010 doesn't match image C:\Users\doanc\OneDrive\Documents\GitHub\cannonball_game_ics161\cannonball game\Library\ScriptAssemblies\UnityEngine.UI.dll
Symbol file LoadedFromMemory is not a mono symbol file
Native extension for WindowsStandalone target not found
Refreshing native plugins compatible for Editor in 0.37 ms, found 2 plugins.
Preloading 0 native plugins for Editor in 0.00 ms.
Mono: successfully reloaded assembly
- Completed reload, in  1.075 seconds
Domain Reload Profiling:
	ReloadAssembly (1076ms)
		BeginReloadAssembly (132ms)
			ExecutionOrderSort (0ms)
			DisableScriptedObjects (5ms)
			BackupInstance (0ms)
			ReleaseScriptingObjects (0ms)
			CreateAndSetChildDomain (34ms)
		EndReloadAssembly (864ms)
			LoadAssemblies (106ms)
			RebuildTransferFunctionScriptingTraits (0ms)
			SetupTypeCache (301ms)
			ReleaseScriptCaches (1ms)
			RebuildScriptCaches (42ms)
			SetupLoadedEditorAssemblies (314ms)
				LogAssemblyErrors (0ms)
				InitializePlatformSupportModulesInManaged (5ms)
				SetLoadedEditorAssemblies (1ms)
				RefreshPlugins (0ms)
				BeforeProcessingInitializeOnLoad (64ms)
				ProcessInitializeOnLoadAttributes (223ms)
				ProcessInitializeOnLoadMethodAttributes (10ms)
				AfterProcessingInitializeOnLoad (11ms)
				EditorAssembliesLoaded (0ms)
			ExecutionOrderSort2 (0ms)
			AwakeInstancesAfterBackupRestoration (8ms)
Platform modules already initialized, skipping
Refreshing native plugins compatible for Editor in 0.39 ms, found 2 plugins.
Preloading 0 native plugins for Editor in 0.00 ms.
Unloading 1506 Unused Serialized files (Serialized files now loaded: 0)
System memory in use before: 71.4 MB.
System memory in use after: 71.5 MB.

Unloading 14 unused Assets to reduce memory usage. Loaded Objects now: 1962.
Total: 2.966500 ms (FindLiveObjects: 0.171300 ms CreateObjectMapping: 0.035600 ms MarkObjects: 2.728700 ms  DeleteObjects: 0.028900 ms)

AssetImportParameters requested are different than current active one (requested -> active):
  custom:framework-win-MediaFoundation: 216162199b28c13a410421893ffa2e32 -> 
  custom:video-decoder-ogg-theora: a1e56fd34408186e4bbccfd4996cb3dc -> 
  custom:container-muxer-webm: aa71ff27fc2769a1b78a27578f13a17b -> 
  custom:container-demuxer-webm: 4f35f7cbe854078d1ac9338744f61a02 -> 
  custom:container-demuxer-ogg: 62fdf1f143b41e24485cea50d1cbac27 -> 
  custom:video-encoder-webm-vp8: eb34c28f22e8b96e1ab97ce403110664 -> 
  custom:video-decoder-webm-vp8: 9c59270c3fd7afecdb556c50c9e8de78 -> 
  custom:audio-decoder-ogg-vorbis: bf7c407c2cedff20999df2af8eb42d56 -> 
  custom:audio-encoder-webm-vorbis: bf7c407c2cedff20999df2af8eb42d56 -> 
========================================================================
Received Prepare
Registering precompiled user dll's ...
Registered in 0.006221 seconds.
Begin MonoManager ReloadAssembly
Symbol file data-0000028E1122C010 doesn't match image C:\Users\doanc\OneDrive\Documents\GitHub\cannonball_game_ics161\cannonball game\Library\ScriptAssemblies\Unity.Services.Core.Editor.dll
Symbol file LoadedFromMemory is not a mono symbol file
Symbol file data-0000028E10C27E50 doesn't match image C:\Users\doanc\OneDrive\Documents\GitHub\cannonball_game_ics161\cannonball game\Library\ScriptAssemblies\Unity.VSCode.Editor.dll
Symbol file LoadedFromMemory is not a mono symbol file
Symbol file data-0000028E0DDDC030 doesn't match image C:\Users\doanc\OneDrive\Documents\GitHub\cannonball_game_ics161\cannonball game\Library\ScriptAssemblies\Unity.TextMeshPro.Editor.dll
Symbol file LoadedFromMemory is not a mono symbol file
Symbol file data-0000028E078A7170 doesn't match image C:\Users\doanc\OneDrive\Documents\GitHub\cannonball_game_ics161\cannonball game\Library\ScriptAssemblies\Unity.VisualStudio.Editor.dll
Symbol file LoadedFromMemory is not a mono symbol file
Symbol file data-0000028E0DACA020 doesn't match image C:\Users\doanc\OneDrive\Documents\GitHub\cannonball_game_ics161\cannonball game\Library\ScriptAssemblies\UnityEngine.TestRunner.dll
Symbol file LoadedFromMemory is not a mono symbol file
Symbol file data-0000028E0FB54020 doesn't match image C:\Users\doanc\OneDrive\Documents\GitHub\cannonball_game_ics161\cannonball game\Library\ScriptAssemblies\Unity.Timeline.Editor.dll
Symbol file LoadedFromMemory is not a mono symbol file
Symbol file data-0000028E0F603010 doesn't match image C:\Users\doanc\OneDrive\Documents\GitHub\cannonball_game_ics161\cannonball game\Library\ScriptAssemblies\Unity.Timeline.dll
Symbol file LoadedFromMemory is not a mono symbol file
Symbol file data-0000028E10577DB0 doesn't match image C:\Users\doanc\OneDrive\Documents\GitHub\cannonball_game_ics161\cannonball game\Library\ScriptAssemblies\Unity.TextMeshPro.dll
Symbol file LoadedFromMemory is not a mono symbol file
Symbol file data-0000028E0DACA020 doesn't match image C:\Users\doanc\OneDrive\Documents\GitHub\cannonball_game_ics161\cannonball game\Library\ScriptAssemblies\Unity.CollabProxy.Editor.dll
Symbol file LoadedFromMemory is not a mono symbol file
Symbol file data-0000028E0F29ED60 doesn't match image C:\Users\doanc\OneDrive\Documents\GitHub\cannonball_game_ics161\cannonball game\Library\ScriptAssemblies\UnityEditor.TestRunner.dll
Symbol file LoadedFromMemory is not a mono symbol file
Symbol file data-0000028E078A7170 doesn't match image C:\Users\doanc\OneDrive\Documents\GitHub\cannonball_game_ics161\cannonball game\Library\ScriptAssemblies\UnityEditor.UI.dll
Symbol file LoadedFromMemory is not a mono symbol file
Symbol file data-0000028E0FEA4E50 doesn't match image C:\Users\doanc\OneDrive\Documents\GitHub\cannonball_game_ics161\cannonball game\Library\ScriptAssemblies\Unity.PlasticSCM.Editor.dll
Symbol file LoadedFromMemory is not a mono symbol file
Symbol file data-0000028E1122C010 doesn't match image C:\Users\doanc\OneDrive\Documents\GitHub\cannonball_game_ics161\cannonball game\Library\ScriptAssemblies\Unity.Rider.Editor.dll
Symbol file LoadedFromMemory is not a mono symbol file
Symbol file data-0000028E0C8C4010 doesn't match image C:\Users\doanc\OneDrive\Documents\GitHub\cannonball_game_ics161\cannonball game\Library\ScriptAssemblies\UnityEngine.UI.dll
Symbol file LoadedFromMemory is not a mono symbol file
Native extension for WindowsStandalone target not found
Refreshing native plugins compatible for Editor in 0.37 ms, found 2 plugins.
Preloading 0 native plugins for Editor in 0.00 ms.
Mono: successfully reloaded assembly
- Completed reload, in  1.085 seconds
Domain Reload Profiling:
	ReloadAssembly (1085ms)
		BeginReloadAssembly (124ms)
			ExecutionOrderSort (0ms)
			DisableScriptedObjects (5ms)
			BackupInstance (0ms)
			ReleaseScriptingObjects (0ms)
			CreateAndSetChildDomain (31ms)
		EndReloadAssembly (882ms)
			LoadAssemblies (107ms)
			RebuildTransferFunctionScriptingTraits (0ms)
			SetupTypeCache (302ms)
			ReleaseScriptCaches (1ms)
			RebuildScriptCaches (41ms)
			SetupLoadedEditorAssemblies (324ms)
				LogAssemblyErrors (0ms)
				InitializePlatformSupportModulesInManaged (6ms)
				SetLoadedEditorAssemblies (1ms)
				RefreshPlugins (0ms)
				BeforeProcessingInitializeOnLoad (65ms)
				ProcessInitializeOnLoadAttributes (231ms)
				ProcessInitializeOnLoadMethodAttributes (11ms)
				AfterProcessingInitializeOnLoad (11ms)
				EditorAssembliesLoaded (0ms)
			ExecutionOrderSort2 (0ms)
			AwakeInstancesAfterBackupRestoration (8ms)
Platform modules already initialized, skipping
Refreshing native plugins compatible for Editor in 0.39 ms, found 2 plugins.
Preloading 0 native plugins for Editor in 0.00 ms.
Unloading 1506 Unused Serialized files (Serialized files now loaded: 0)
System memory in use before: 71.4 MB.
System memory in use after: 71.5 MB.

Unloading 14 unused Assets to reduce memory usage. Loaded Objects now: 1964.
Total: 2.930000 ms (FindLiveObjects: 0.163200 ms CreateObjectMapping: 0.037800 ms MarkObjects: 2.710300 ms  DeleteObjects: 0.017500 ms)

AssetImportParameters requested are different than current active one (requested -> active):
  custom:framework-win-MediaFoundation: 216162199b28c13a410421893ffa2e32 -> 
  custom:video-decoder-ogg-theora: a1e56fd34408186e4bbccfd4996cb3dc -> 
  custom:container-muxer-webm: aa71ff27fc2769a1b78a27578f13a17b -> 
  custom:container-demuxer-webm: 4f35f7cbe854078d1ac9338744f61a02 -> 
  custom:container-demuxer-ogg: 62fdf1f143b41e24485cea50d1cbac27 -> 
  custom:video-encoder-webm-vp8: eb34c28f22e8b96e1ab97ce403110664 -> 
  custom:video-decoder-webm-vp8: 9c59270c3fd7afecdb556c50c9e8de78 -> 
  custom:audio-decoder-ogg-vorbis: bf7c407c2cedff20999df2af8eb42d56 -> 
  custom:audio-encoder-webm-vorbis: bf7c407c2cedff20999df2af8eb42d56 -> 
========================================================================
Received Prepare
Registering precompiled user dll's ...
Registered in 0.006981 seconds.
Begin MonoManager ReloadAssembly
Symbol file data-0000028E0F73F030 doesn't match image C:\Users\doanc\OneDrive\Documents\GitHub\cannonball_game_ics161\cannonball game\Library\ScriptAssemblies\Unity.Services.Core.Editor.dll
Symbol file LoadedFromMemory is not a mono symbol file
Symbol file data-0000028E07A5E090 doesn't match image C:\Users\doanc\OneDrive\Documents\GitHub\cannonball_game_ics161\cannonball game\Library\ScriptAssemblies\Unity.VSCode.Editor.dll
Symbol file LoadedFromMemory is not a mono symbol file
Symbol file data-0000028E0DDDC030 doesn't match image C:\Users\doanc\OneDrive\Documents\GitHub\cannonball_game_ics161\cannonball game\Library\ScriptAssemblies\Unity.TextMeshPro.Editor.dll
Symbol file LoadedFromMemory is not a mono symbol file
Symbol file data-0000028E078A7170 doesn't match image C:\Users\doanc\OneDrive\Documents\GitHub\cannonball_game_ics161\cannonball game\Library\ScriptAssemblies\Unity.VisualStudio.Editor.dll
Symbol file LoadedFromMemory is not a mono symbol file
Symbol file data-0000028E0F2C2020 doesn't match image C:\Users\doanc\OneDrive\Documents\GitHub\cannonball_game_ics161\cannonball game\Library\ScriptAssemblies\UnityEngine.TestRunner.dll
Symbol file LoadedFromMemory is not a mono symbol file
Symbol file data-0000028E0C81C010 doesn't match image C:\Users\doanc\OneDrive\Documents\GitHub\cannonball_game_ics161\cannonball game\Library\ScriptAssemblies\Unity.Timeline.Editor.dll
Symbol file LoadedFromMemory is not a mono symbol file
Symbol file data-0000028E0DDDC030 doesn't match image C:\Users\doanc\OneDrive\Documents\GitHub\cannonball_game_ics161\cannonball game\Library\ScriptAssemblies\Unity.Timeline.dll
Symbol file LoadedFromMemory is not a mono symbol file
Symbol file data-0000028E10577DB0 doesn't match image C:\Users\doanc\OneDrive\Documents\GitHub\cannonball_game_ics161\cannonball game\Library\ScriptAssemblies\Unity.TextMeshPro.dll
Symbol file LoadedFromMemory is not a mono symbol file
Symbol file data-0000028E0F2C2020 doesn't match image C:\Users\doanc\OneDrive\Documents\GitHub\cannonball_game_ics161\cannonball game\Library\ScriptAssemblies\Unity.CollabProxy.Editor.dll
Symbol file LoadedFromMemory is not a mono symbol file
Symbol file data-0000028E07EDD350 doesn't match image C:\Users\doanc\OneDrive\Documents\GitHub\cannonball_game_ics161\cannonball game\Library\ScriptAssemblies\UnityEditor.TestRunner.dll
Symbol file LoadedFromMemory is not a mono symbol file
Symbol file data-0000028E078A7170 doesn't match image C:\Users\doanc\OneDrive\Documents\GitHub\cannonball_game_ics161\cannonball game\Library\ScriptAssemblies\UnityEditor.UI.dll
Symbol file LoadedFromMemory is not a mono symbol file
Symbol file data-0000028E33BCC020 doesn't match image C:\Users\doanc\OneDrive\Documents\GitHub\cannonball_game_ics161\cannonball game\Library\ScriptAssemblies\Unity.PlasticSCM.Editor.dll
Symbol file LoadedFromMemory is not a mono symbol file
Symbol file data-0000028E0F73F030 doesn't match image C:\Users\doanc\OneDrive\Documents\GitHub\cannonball_game_ics161\cannonball game\Library\ScriptAssemblies\Unity.Rider.Editor.dll
Symbol file LoadedFromMemory is not a mono symbol file
Symbol file data-0000028E076A3010 doesn't match image C:\Users\doanc\OneDrive\Documents\GitHub\cannonball_game_ics161\cannonball game\Library\ScriptAssemblies\UnityEngine.UI.dll
Symbol file LoadedFromMemory is not a mono symbol file
Native extension for WindowsStandalone target not found
Refreshing native plugins compatible for Editor in 0.38 ms, found 2 plugins.
Preloading 0 native plugins for Editor in 0.00 ms.
Mono: successfully reloaded assembly
- Completed reload, in  1.074 seconds
Domain Reload Profiling:
	ReloadAssembly (1074ms)
		BeginReloadAssembly (130ms)
			ExecutionOrderSort (0ms)
			DisableScriptedObjects (5ms)
			BackupInstance (0ms)
			ReleaseScriptingObjects (0ms)
			CreateAndSetChildDomain (29ms)
		EndReloadAssembly (867ms)
			LoadAssemblies (105ms)
			RebuildTransferFunctionScriptingTraits (0ms)
			SetupTypeCache (307ms)
			ReleaseScriptCaches (1ms)
			RebuildScriptCaches (40ms)
			SetupLoadedEditorAssemblies (311ms)
				LogAssemblyErrors (0ms)
				InitializePlatformSupportModulesInManaged (5ms)
				SetLoadedEditorAssemblies (1ms)
				RefreshPlugins (0ms)
				BeforeProcessingInitializeOnLoad (63ms)
				ProcessInitializeOnLoadAttributes (220ms)
				ProcessInitializeOnLoadMethodAttributes (11ms)
				AfterProcessingInitializeOnLoad (11ms)
				EditorAssembliesLoaded (0ms)
			ExecutionOrderSort2 (0ms)
			AwakeInstancesAfterBackupRestoration (7ms)
Platform modules already initialized, skipping
Refreshing native plugins compatible for Editor in 0.36 ms, found 2 plugins.
Preloading 0 native plugins for Editor in 0.00 ms.
Unloading 1506 Unused Serialized files (Serialized files now loaded: 0)
System memory in use before: 71.4 MB.
System memory in use after: 71.5 MB.

Unloading 14 unused Assets to reduce memory usage. Loaded Objects now: 1966.
Total: 3.333500 ms (FindLiveObjects: 0.183500 ms CreateObjectMapping: 0.036900 ms MarkObjects: 3.082600 ms  DeleteObjects: 0.028600 ms)

AssetImportParameters requested are different than current active one (requested -> active):
  custom:framework-win-MediaFoundation: 216162199b28c13a410421893ffa2e32 -> 
  custom:video-decoder-ogg-theora: a1e56fd34408186e4bbccfd4996cb3dc -> 
  custom:container-muxer-webm: aa71ff27fc2769a1b78a27578f13a17b -> 
  custom:container-demuxer-webm: 4f35f7cbe854078d1ac9338744f61a02 -> 
  custom:container-demuxer-ogg: 62fdf1f143b41e24485cea50d1cbac27 -> 
  custom:video-encoder-webm-vp8: eb34c28f22e8b96e1ab97ce403110664 -> 
  custom:video-decoder-webm-vp8: 9c59270c3fd7afecdb556c50c9e8de78 -> 
  custom:audio-decoder-ogg-vorbis: bf7c407c2cedff20999df2af8eb42d56 -> 
  custom:audio-encoder-webm-vorbis: bf7c407c2cedff20999df2af8eb42d56 -> 
