Using pre-set license
Built from '2020.3/staging' branch; Version is '2020.3.26f1 (7298b473bc1a) revision 7510196'; Using compiler version '192528614'; Build Type 'Release'
OS: 'Windows 10  (10.0.19043) 64bit Core' Language: 'en' Physical Memory: 16335 MB
BatchMode: 1, IsHumanControllingUs: 0, StartBugReporterOnCrash: 0, Is64bit: 1, IsPro: 0

COMMAND LINE ARGUMENTS:
C:\Users\doanc\OneDrive\Desktop\Unity Versions\2020.3.26f1\Editor\Unity.exe
-adb2
-batchMode
-noUpm
-name
AssetImportWorker0
-projectPath
C:/Users/doanc/OneDrive/Documents/GitHub/cannonball_game_ics161/cannonball game
-logFile
Logs/AssetImportWorker0.log
-srvPort
54533
Successfully changed project path to: C:/Users/doanc/OneDrive/Documents/GitHub/cannonball_game_ics161/cannonball game
C:/Users/doanc/OneDrive/Documents/GitHub/cannonball_game_ics161/cannonball game
Using Asset Import Pipeline V2.
Refreshing native plugins compatible for Editor in 38.53 ms, found 2 plugins.
Preloading 0 native plugins for Editor in 0.00 ms.
Initialize engine version: 2020.3.26f1 (7298b473bc1a)
[Subsystems] Discovering subsystems at path C:/Users/doanc/OneDrive/Desktop/Unity Versions/2020.3.26f1/Editor/Data/Resources/UnitySubsystems
[Subsystems] Discovering subsystems at path C:/Users/doanc/OneDrive/Documents/GitHub/cannonball_game_ics161/cannonball game/Assets
GfxDevice: creating device client; threaded=0
Direct3D:
    Version:  Direct3D 11.0 [level 11.1]
    Renderer: NVIDIA GeForce GTX 1050 Ti (ID=0x1c82)
    Vendor:   
    VRAM:     4018 MB
    Driver:   30.0.15.1215
Initialize mono
Mono path[0] = 'C:/Users/doanc/OneDrive/Desktop/Unity Versions/2020.3.26f1/Editor/Data/Managed'
Mono path[1] = 'C:/Users/doanc/OneDrive/Desktop/Unity Versions/2020.3.26f1/Editor/Data/MonoBleedingEdge/lib/mono/unityjit'
Mono config path = 'C:/Users/doanc/OneDrive/Desktop/Unity Versions/2020.3.26f1/Editor/Data/MonoBleedingEdge/etc'
Using monoOptions --debugger-agent=transport=dt_socket,embedding=1,server=y,suspend=n,address=127.0.0.1:56948
Begin MonoManager ReloadAssembly
Registering precompiled unity dll's ...
Register platform support module: C:/Users/doanc/OneDrive/Desktop/Unity Versions/2020.3.26f1/Editor/Data/PlaybackEngines/WindowsStandaloneSupport/UnityEditor.WindowsStandalone.Extensions.dll
Registered in 0.002964 seconds.
Native extension for WindowsStandalone target not found
Refreshing native plugins compatible for Editor in 39.95 ms, found 2 plugins.
Preloading 0 native plugins for Editor in 0.00 ms.
Mono: successfully reloaded assembly
- Completed reload, in  0.665 seconds
Domain Reload Profiling:
	ReloadAssembly (665ms)
		BeginReloadAssembly (68ms)
			ExecutionOrderSort (0ms)
			DisableScriptedObjects (0ms)
			BackupInstance (0ms)
			ReleaseScriptingObjects (0ms)
			CreateAndSetChildDomain (1ms)
		EndReloadAssembly (507ms)
			LoadAssemblies (64ms)
			RebuildTransferFunctionScriptingTraits (0ms)
			SetupTypeCache (172ms)
			ReleaseScriptCaches (0ms)
			RebuildScriptCaches (30ms)
			SetupLoadedEditorAssemblies (186ms)
				LogAssemblyErrors (0ms)
				InitializePlatformSupportModulesInManaged (6ms)
				SetLoadedEditorAssemblies (0ms)
				RefreshPlugins (40ms)
				BeforeProcessingInitializeOnLoad (11ms)
				ProcessInitializeOnLoadAttributes (94ms)
				ProcessInitializeOnLoadMethodAttributes (34ms)
				AfterProcessingInitializeOnLoad (0ms)
				EditorAssembliesLoaded (0ms)
			ExecutionOrderSort2 (0ms)
			AwakeInstancesAfterBackupRestoration (0ms)
Platform modules already initialized, skipping
Registering precompiled user dll's ...
Registered in 0.006555 seconds.
Begin MonoManager ReloadAssembly
Symbol file data-0000029E70A21010 doesn't match image C:\Users\doanc\OneDrive\Documents\GitHub\cannonball_game_ics161\cannonball game\Library\ScriptAssemblies\Unity.Services.Core.Editor.dll
Symbol file LoadedFromMemory is not a mono symbol file
Symbol file data-0000029E6ABE5EC0 doesn't match image C:\Users\doanc\OneDrive\Documents\GitHub\cannonball_game_ics161\cannonball game\Library\ScriptAssemblies\Unity.VSCode.Editor.dll
Symbol file LoadedFromMemory is not a mono symbol file
Symbol file data-0000029E6AE50720 doesn't match image C:\Users\doanc\OneDrive\Documents\GitHub\cannonball_game_ics161\cannonball game\Library\ScriptAssemblies\Unity.TextMeshPro.Editor.dll
Symbol file LoadedFromMemory is not a mono symbol file
Symbol file data-0000029E6B49D030 doesn't match image C:\Users\doanc\OneDrive\Documents\GitHub\cannonball_game_ics161\cannonball game\Library\ScriptAssemblies\Unity.VisualStudio.Editor.dll
Symbol file LoadedFromMemory is not a mono symbol file
Symbol file data-0000029E6F983230 doesn't match image C:\Users\doanc\OneDrive\Documents\GitHub\cannonball_game_ics161\cannonball game\Library\ScriptAssemblies\UnityEngine.TestRunner.dll
Symbol file LoadedFromMemory is not a mono symbol file
Symbol file data-0000029E6F64B020 doesn't match image C:\Users\doanc\OneDrive\Documents\GitHub\cannonball_game_ics161\cannonball game\Library\ScriptAssemblies\Unity.Timeline.Editor.dll
Symbol file LoadedFromMemory is not a mono symbol file
Symbol file data-0000029E6AF3F660 doesn't match image C:\Users\doanc\OneDrive\Documents\GitHub\cannonball_game_ics161\cannonball game\Library\ScriptAssemblies\Unity.Timeline.dll
Symbol file LoadedFromMemory is not a mono symbol file
Symbol file data-0000029E6F64B020 doesn't match image C:\Users\doanc\OneDrive\Documents\GitHub\cannonball_game_ics161\cannonball game\Library\ScriptAssemblies\Unity.TextMeshPro.dll
Symbol file LoadedFromMemory is not a mono symbol file
Symbol file data-0000029E6AF3F660 doesn't match image C:\Users\doanc\OneDrive\Documents\GitHub\cannonball_game_ics161\cannonball game\Library\ScriptAssemblies\Unity.CollabProxy.Editor.dll
Symbol file LoadedFromMemory is not a mono symbol file
Symbol file data-0000029E6F87C230 doesn't match image C:\Users\doanc\OneDrive\Documents\GitHub\cannonball_game_ics161\cannonball game\Library\ScriptAssemblies\UnityEditor.TestRunner.dll
Symbol file LoadedFromMemory is not a mono symbol file
Symbol file data-0000029E6B49D030 doesn't match image C:\Users\doanc\OneDrive\Documents\GitHub\cannonball_game_ics161\cannonball game\Library\ScriptAssemblies\UnityEditor.UI.dll
Symbol file LoadedFromMemory is not a mono symbol file
Symbol file data-0000029E6F9A0020 doesn't match image C:\Users\doanc\OneDrive\Documents\GitHub\cannonball_game_ics161\cannonball game\Library\ScriptAssemblies\Unity.PlasticSCM.Editor.dll
Symbol file LoadedFromMemory is not a mono symbol file
Symbol file data-0000029E70912C40 doesn't match image C:\Users\doanc\OneDrive\Documents\GitHub\cannonball_game_ics161\cannonball game\Library\ScriptAssemblies\Unity.Rider.Editor.dll
Symbol file LoadedFromMemory is not a mono symbol file
Symbol file data-0000029E6AAD2020 doesn't match image C:\Users\doanc\OneDrive\Documents\GitHub\cannonball_game_ics161\cannonball game\Library\ScriptAssemblies\UnityEngine.UI.dll
Symbol file LoadedFromMemory is not a mono symbol file
Native extension for WindowsStandalone target not found
Refreshing native plugins compatible for Editor in 0.45 ms, found 2 plugins.
Preloading 0 native plugins for Editor in 0.00 ms.
Mono: successfully reloaded assembly
- Completed reload, in  1.155 seconds
Domain Reload Profiling:
	ReloadAssembly (1156ms)
		BeginReloadAssembly (169ms)
			ExecutionOrderSort (0ms)
			DisableScriptedObjects (5ms)
			BackupInstance (0ms)
			ReleaseScriptingObjects (0ms)
			CreateAndSetChildDomain (22ms)
		EndReloadAssembly (910ms)
			LoadAssemblies (106ms)
			RebuildTransferFunctionScriptingTraits (0ms)
			SetupTypeCache (315ms)
			ReleaseScriptCaches (0ms)
			RebuildScriptCaches (49ms)
			SetupLoadedEditorAssemblies (333ms)
				LogAssemblyErrors (0ms)
				InitializePlatformSupportModulesInManaged (7ms)
				SetLoadedEditorAssemblies (1ms)
				RefreshPlugins (1ms)
				BeforeProcessingInitializeOnLoad (68ms)
				ProcessInitializeOnLoadAttributes (235ms)
				ProcessInitializeOnLoadMethodAttributes (11ms)
				AfterProcessingInitializeOnLoad (11ms)
				EditorAssembliesLoaded (0ms)
			ExecutionOrderSort2 (0ms)
			AwakeInstancesAfterBackupRestoration (8ms)
Platform modules already initialized, skipping
========================================================================
Worker process is ready to serve import requests
Launched and connected shader compiler UnityShaderCompiler.exe after 0.05 seconds
Refreshing native plugins compatible for Editor in 0.36 ms, found 2 plugins.
Preloading 0 native plugins for Editor in 0.00 ms.
Unloading 1515 Unused Serialized files (Serialized files now loaded: 0)
System memory in use before: 70.6 MB.
System memory in use after: 70.7 MB.

Unloading 19 unused Assets to reduce memory usage. Loaded Objects now: 1951.
Total: 3.278300 ms (FindLiveObjects: 0.201900 ms CreateObjectMapping: 0.045800 ms MarkObjects: 2.944700 ms  DeleteObjects: 0.084600 ms)

AssetImportParameters requested are different than current active one (requested -> active):
  custom:framework-win-MediaFoundation: 216162199b28c13a410421893ffa2e32 -> 
  custom:video-decoder-ogg-theora: a1e56fd34408186e4bbccfd4996cb3dc -> 
  custom:container-muxer-webm: aa71ff27fc2769a1b78a27578f13a17b -> 
  custom:container-demuxer-webm: 4f35f7cbe854078d1ac9338744f61a02 -> 
  custom:container-demuxer-ogg: 62fdf1f143b41e24485cea50d1cbac27 -> 
  custom:video-encoder-webm-vp8: eb34c28f22e8b96e1ab97ce403110664 -> 
  custom:video-decoder-webm-vp8: 9c59270c3fd7afecdb556c50c9e8de78 -> 
  custom:audio-decoder-ogg-vorbis: bf7c407c2cedff20999df2af8eb42d56 -> 
  custom:audio-encoder-webm-vorbis: bf7c407c2cedff20999df2af8eb42d56 -> 
========================================================================
Received Import Request.
  path: Assets/DestroyAll.cs
  artifactKey: Guid(0c984be4df88cc446add7fd04ee41d1c) Importer(815301076,1909f56bfc062723c751e8b465ee728b)
Start importing Assets/DestroyAll.cs using Guid(0c984be4df88cc446add7fd04ee41d1c) Importer(815301076,1909f56bfc062723c751e8b465ee728b)  -> (artifact id: '3068fabf1e0e4e9e32b11b576a205aaf') in 0.031791 seconds 
  Import took 0.034252 seconds .

========================================================================
Received Import Request.
  Time since last request: 0.825829 seconds.
  path: Assets/Scripts/CannonballDestruction.cs
  artifactKey: Guid(90db8a41c33a42549b70ac2d43e5f2a8) Importer(815301076,1909f56bfc062723c751e8b465ee728b)
Start importing Assets/Scripts/CannonballDestruction.cs using Guid(90db8a41c33a42549b70ac2d43e5f2a8) Importer(815301076,1909f56bfc062723c751e8b465ee728b)  -> (artifact id: 'dab3944f39d0cdbb3fb1d67fe2fecd08') in 0.003194 seconds 
  Import took 0.005792 seconds .

========================================================================
Received Import Request.
  Time since last request: 12.999882 seconds.
  path: Assets/Scripts/Explosion.cs
  artifactKey: Guid(00671ed4e1d59b34d8e98f12db4aa9a2) Importer(815301076,1909f56bfc062723c751e8b465ee728b)
Start importing Assets/Scripts/Explosion.cs using Guid(00671ed4e1d59b34d8e98f12db4aa9a2) Importer(815301076,1909f56bfc062723c751e8b465ee728b)  -> (artifact id: '1b4a2a40c62df74a4e3e0dd35e65d15e') in 0.003302 seconds 
  Import took 0.006006 seconds .

========================================================================
Received Import Request.
  Time since last request: 10.306286 seconds.
  path: Assets/Cannonball Assets/Prefabs/PlayerEdwin.prefab
  artifactKey: Guid(6d8a0a8ddf64575409a5a3c3acde8df3) Importer(815301076,1909f56bfc062723c751e8b465ee728b)
Start importing Assets/Cannonball Assets/Prefabs/PlayerEdwin.prefab using Guid(6d8a0a8ddf64575409a5a3c3acde8df3) Importer(815301076,1909f56bfc062723c751e8b465ee728b)  -> (artifact id: '5e1e98c38904d58e865110fe69e4a69c') in 0.038275 seconds 
  Import took 0.040942 seconds .

